<?xml version="1.0" encoding="UTF-8"?>
<!-- Generated by org.testng.reporters.JUnitReportReporter -->
<testsuite skipped="0" hostname="DESKTOP-BOHMKHG" name="test.Day2" tests="1" failures="0" timestamp="19 Mar 2020 05:30:31 GMT" time="0.016" errors="0">
  <testcase name="ploan" time="0.016" classname="test.Day2"/>
</testsuite> <!-- test.Day2 -->
