<?xml version="1.0" encoding="UTF-8"?>
<!-- Generated by org.testng.reporters.JUnitReportReporter -->
<testsuite skipped="0" hostname="DESKTOP-BOHMKHG" name="test.Tng1" tests="1" failures="0" timestamp="19 Mar 2020 05:30:32 GMT" time="0.010" errors="0">
  <testcase name="Demo" time="0.010" classname="test.Tng1"/>
</testsuite> <!-- test.Tng1 -->
