<?xml version="1.0" encoding="UTF-8"?>
<!-- Generated by org.testng.reporters.JUnitReportReporter -->
<testsuite skipped="1" hostname="DESKTOP-BOHMKHG" name="test.Day4" tests="3" failures="0" timestamp="19 Mar 2020 05:30:32 GMT" time="0.020" errors="0">
  <testcase name="weblogincarloan" time="0.007" classname="test.Day4"/>
  <testcase name="LoginAPIcarloan" time="0.013" classname="test.Day4"/>
  <testcase name="Mobileloginmcarloan" classname="test.Day4">
    <skipped/>
  </testcase> <!-- Mobileloginmcarloan -->
</testsuite> <!-- test.Day4 -->
