<?xml version="1.0" encoding="UTF-8"?>
<!-- Generated by org.testng.reporters.JUnitReportReporter -->
<testsuite skipped="0" hostname="DESKTOP-BOHMKHG" name="test.Day3" tests="3" failures="0" timestamp="19 Mar 2020 05:30:32 GMT" time="0.018" errors="0">
  <testcase name="Mobileloginhomeloan" time="0.005" classname="test.Day3"/>
  <testcase name="LoginAPIhomeloan" time="0.004" classname="test.Day3"/>
  <testcase name="webloginHomeloan" time="0.009" classname="test.Day3"/>
</testsuite> <!-- test.Day3 -->
